TN:
SF:app.js
FN:30,(anonymous_0)
FN:35,(anonymous_1)
FNF:2
FNH:2
FNDA:2,(anonymous_0)
FNDA:41,(anonymous_1)
DA:5,4
DA:6,4
DA:8,4
DA:10,4
DA:11,4
DA:12,4
DA:13,4
DA:15,4
DA:17,4
DA:19,4
DA:20,4
DA:21,4
DA:22,4
DA:24,4
DA:25,4
DA:26,4
DA:30,4
DA:31,2
DA:35,4
DA:36,41
DA:37,41
DA:38,41
DA:40,41
DA:45,4
LF:24
LH:24
BRDA:36,0,0,1
BRDA:36,0,1,40
BRDA:37,1,0,41
BRDA:37,1,1,2
BRF:4
BRH:4
end_of_record
TN:
SF:config.js
FN:13,getDatabaseUri
FNF:1
FNH:1
FNDA:18,getDatabaseUri
DA:5,9
DA:6,9
DA:8,9
DA:10,9
DA:14,18
DA:22,9
DA:24,9
DA:25,9
DA:26,9
DA:27,9
DA:28,9
DA:29,9
DA:31,9
LF:13
LH:13
BRDA:8,0,0,9
BRDA:8,0,1,8
BRDA:10,1,0,9
BRDA:10,1,1,8
BRDA:14,2,0,15
BRDA:14,2,1,3
BRDA:16,3,0,3
BRDA:16,3,1,1
BRDA:22,4,0,8
BRDA:22,4,1,1
BRF:10
BRH:10
end_of_record
TN:
SF:db.js
FNF:0
FNH:0
DA:5,6
DA:6,6
DA:8,6
DA:12,6
DA:14,6
LF:5
LH:5
BRF:0
BRH:0
end_of_record
TN:
SF:expressError.js
FN:8,(anonymous_0)
FN:18,(anonymous_1)
FN:26,(anonymous_2)
FN:34,(anonymous_3)
FN:42,(anonymous_4)
FNF:5
FNH:4
FNDA:58,(anonymous_0)
FNDA:14,(anonymous_1)
FNDA:24,(anonymous_2)
FNDA:20,(anonymous_3)
FNDA:0,(anonymous_4)
DA:9,58
DA:10,58
DA:11,58
DA:19,14
DA:27,24
DA:35,20
DA:43,0
DA:47,8
LF:8
LH:7
BRDA:18,0,0,2
BRDA:26,1,0,20
BRDA:34,2,0,0
BRDA:42,3,0,0
BRF:4
BRH:2
end_of_record
TN:
SF:helpers/sql.js
FN:13,sqlForPartialUpdate
FN:18,(anonymous_1)
FNF:2
FNH:2
FNDA:17,sqlForPartialUpdate
FNDA:28,(anonymous_1)
DA:1,7
DA:14,17
DA:15,17
DA:18,14
DA:19,28
DA:22,14
DA:28,7
LF:7
LH:7
BRDA:15,0,0,3
BRDA:15,0,1,14
BRDA:19,1,0,28
BRDA:19,1,1,13
BRF:4
BRH:4
end_of_record
TN:
SF:helpers/tokens.js
FN:6,createToken
FNF:1
FNH:1
FNDA:13,createToken
DA:1,5
DA:2,5
DA:7,13
DA:10,13
DA:15,13
DA:18,5
LF:6
LH:6
BRDA:12,0,0,13
BRDA:12,0,1,7
BRF:2
BRH:2
end_of_record
TN:
SF:middleware/auth.js
FN:18,authenticateJWT
FN:36,ensureLoggedIn
FN:49,ensureAdmin
FN:64,ensureAdminOrCorrectUser
FNF:4
FNH:4
FNDA:65,authenticateJWT
FNDA:2,ensureLoggedIn
FNDA:27,ensureAdmin
FNDA:22,ensureAdminOrCorrectUser
DA:5,5
DA:6,5
DA:7,5
DA:19,65
DA:20,65
DA:21,65
DA:22,37
DA:23,37
DA:25,64
DA:27,1
DA:37,2
DA:38,2
DA:39,1
DA:41,1
DA:50,27
DA:51,27
DA:52,22
DA:53,16
DA:55,11
DA:65,22
DA:66,22
DA:67,18
DA:69,14
DA:71,4
DA:73,8
DA:77,5
LF:26
LH:26
BRDA:20,0,0,65
BRDA:20,0,1,64
BRDA:21,1,0,37
BRDA:21,1,1,28
BRDA:38,2,0,1
BRDA:38,2,1,1
BRDA:51,3,0,5
BRDA:51,3,1,22
BRDA:52,4,0,6
BRDA:52,4,1,16
BRDA:66,5,0,4
BRDA:66,5,1,18
BRDA:67,6,0,14
BRDA:67,6,1,4
BRDA:67,7,0,18
BRDA:67,7,1,11
BRF:16
BRH:16
end_of_record
TN:
SF:models/_testCommon.js
FN:6,commonBeforeAll
FN:33,commonBeforeEach
FN:37,commonAfterEach
FN:41,commonAfterAll
FNF:4
FNH:4
FNDA:2,commonBeforeAll
FNDA:37,commonBeforeEach
FNDA:37,commonAfterEach
FNDA:2,commonAfterAll
DA:1,2
DA:3,2
DA:4,2
DA:8,2
DA:10,2
DA:12,2
DA:18,2
DA:34,37
DA:38,37
DA:42,2
DA:46,2
LF:11
LH:11
BRF:0
BRH:0
end_of_record
TN:
SF:models/company.js
FN:19,(anonymous_0)
FN:62,(anonymous_1)
FN:98,(anonymous_2)
FN:128,(anonymous_3)
FN:158,(anonymous_4)
FN:185,(anonymous_5)
FNF:6
FNH:6
FNDA:13,(anonymous_0)
FNDA:16,(anonymous_1)
FNDA:13,(anonymous_2)
FNDA:5,(anonymous_3)
FNDA:6,(anonymous_4)
FNDA:4,(anonymous_5)
DA:3,5
DA:4,5
DA:5,5
DA:20,13
DA:26,13
DA:27,1
DA:29,12
DA:47,12
DA:49,12
DA:63,16
DA:64,16
DA:66,16
DA:67,7
DA:68,7
DA:71,16
DA:72,8
DA:73,8
DA:76,16
DA:77,6
DA:78,6
DA:81,16
DA:85,16
DA:100,13
DA:102,13
DA:103,2
DA:107,11
DA:108,11
DA:117,10
DA:129,5
DA:139,5
DA:141,5
DA:143,3
DA:159,6
DA:165,5
DA:167,5
DA:172,5
DA:173,5
DA:175,5
DA:177,3
DA:186,4
DA:192,4
DA:194,4
DA:199,5
LF:43
LH:43
BRDA:26,0,0,1
BRDA:26,0,1,12
BRDA:66,1,0,7
BRDA:66,1,1,9
BRDA:71,2,0,8
BRDA:71,2,1,8
BRDA:76,3,0,6
BRDA:76,3,1,10
BRDA:81,4,0,12
BRDA:81,4,1,4
BRDA:98,5,0,1
BRDA:102,6,0,2
BRDA:102,6,1,11
BRDA:102,7,0,13
BRDA:102,7,1,6
BRDA:141,8,0,2
BRDA:141,8,1,3
BRDA:175,9,0,2
BRDA:175,9,1,3
BRDA:194,10,0,2
BRDA:194,10,1,2
BRF:21
BRH:21
end_of_record
TN:
SF:models/user.js
FN:24,(anonymous_0)
FN:59,(anonymous_1)
FN:104,(anonymous_2)
FN:126,(anonymous_3)
FN:162,(anonymous_4)
FN:195,(anonymous_5)
FNF:6
FNH:6
FNDA:7,(anonymous_0)
FNDA:16,(anonymous_1)
FNDA:3,(anonymous_2)
FNDA:5,(anonymous_3)
FNDA:8,(anonymous_4)
FNDA:5,(anonymous_5)
DA:3,5
DA:4,5
DA:5,5
DA:10,5
DA:12,5
DA:26,7
DA:38,7
DA:40,7
DA:42,4
DA:43,4
DA:44,3
DA:45,3
DA:49,4
DA:61,16
DA:68,16
DA:69,1
DA:72,15
DA:74,15
DA:94,15
DA:96,15
DA:105,3
DA:115,2
DA:127,5
DA:138,5
DA:140,5
DA:142,3
DA:163,8
DA:164,2
DA:167,8
DA:174,7
DA:176,7
DA:184,7
DA:185,7
DA:187,7
DA:189,5
DA:190,5
DA:196,5
DA:203,5
DA:205,5
DA:210,5
LF:40
LH:40
BRDA:40,0,0,4
BRDA:40,0,1,3
BRDA:43,1,0,3
BRDA:43,1,1,1
BRDA:68,2,0,1
BRDA:68,2,1,15
BRDA:140,3,0,2
BRDA:140,3,1,3
BRDA:163,4,0,2
BRDA:163,4,1,6
BRDA:187,5,0,2
BRDA:187,5,1,5
BRDA:205,6,0,2
BRDA:205,6,1,3
BRF:14
BRH:14
end_of_record
TN:
SF:routes/_testCommon.js
FN:8,commonBeforeAll
FN:65,commonBeforeEach
FN:69,commonAfterEach
FN:73,commonAfterAll
FNF:4
FNH:4
FNDA:3,commonBeforeAll
FNDA:60,commonBeforeEach
FNDA:60,commonAfterEach
FNDA:3,commonAfterAll
DA:3,3
DA:4,3
DA:5,3
DA:6,3
DA:10,3
DA:12,3
DA:14,3
DA:22,3
DA:30,3
DA:39,3
DA:47,3
DA:55,3
DA:66,60
DA:70,60
DA:74,3
DA:78,3
DA:79,3
DA:82,3
LF:18
LH:18
BRF:0
BRH:0
end_of_record
TN:
SF:routes/auth.js
FN:22,(anonymous_0)
FN:29,(anonymous_1)
FN:49,(anonymous_2)
FN:56,(anonymous_3)
FNF:4
FNH:4
FNDA:5,(anonymous_0)
FNDA:2,(anonymous_1)
FNDA:3,(anonymous_2)
FNDA:5,(anonymous_3)
DA:5,4
DA:7,4
DA:8,4
DA:9,4
DA:10,4
DA:11,4
DA:12,4
DA:13,4
DA:22,4
DA:23,5
DA:28,5
DA:29,2
DA:30,2
DA:33,3
DA:34,3
DA:35,1
DA:36,1
DA:49,4
DA:50,3
DA:55,3
DA:56,5
DA:57,2
DA:60,1
DA:61,1
DA:62,1
DA:66,4
LF:26
LH:26
BRDA:28,0,0,2
BRDA:28,0,1,3
BRDA:55,1,0,2
BRDA:55,1,1,1
BRF:4
BRH:4
end_of_record
TN:
SF:routes/companies.js
FN:28,(anonymous_0)
FN:35,(anonymous_1)
FN:55,(anonymous_2)
FN:67,(anonymous_3)
FN:83,(anonymous_4)
FN:99,(anonymous_5)
FN:106,(anonymous_6)
FN:119,(anonymous_7)
FNF:8
FNH:8
FNDA:3,(anonymous_0)
FNDA:3,(anonymous_1)
FNDA:8,(anonymous_2)
FNDA:2,(anonymous_3)
FNDA:3,(anonymous_4)
FNDA:4,(anonymous_5)
FNDA:2,(anonymous_6)
FNDA:2,(anonymous_7)
DA:5,4
DA:6,4
DA:8,4
DA:9,4
DA:10,4
DA:12,4
DA:13,4
DA:14,4
DA:16,4
DA:28,4
DA:29,3
DA:34,3
DA:35,3
DA:36,2
DA:39,1
DA:40,1
DA:55,4
DA:56,8
DA:57,8
DA:58,8
DA:60,8
DA:66,8
DA:67,2
DA:68,2
DA:71,6
DA:72,4
DA:83,4
DA:84,3
DA:85,2
DA:99,4
DA:100,4
DA:105,4
DA:106,2
DA:107,2
DA:110,2
DA:111,1
DA:119,4
DA:120,2
DA:121,1
DA:125,4
LF:40
LH:40
BRDA:34,0,0,2
BRDA:34,0,1,1
BRDA:57,1,0,4
BRDA:57,1,1,4
BRDA:58,2,0,3
BRDA:58,2,1,5
BRDA:66,3,0,2
BRDA:66,3,1,6
BRDA:105,4,0,2
BRDA:105,4,1,2
BRF:10
BRH:10
end_of_record
TN:
SF:routes/users.js
FN:30,(anonymous_0)
FN:37,(anonymous_1)
FN:54,(anonymous_2)
FN:67,(anonymous_3)
FN:83,(anonymous_4)
FN:90,(anonymous_5)
FN:104,(anonymous_6)
FNF:7
FNH:7
FNDA:4,(anonymous_0)
FNDA:5,(anonymous_1)
FNDA:2,(anonymous_2)
FNDA:3,(anonymous_3)
FNDA:5,(anonymous_4)
FNDA:1,(anonymous_5)
FNDA:3,(anonymous_6)
DA:5,4
DA:7,4
DA:8,4
DA:9,4
DA:10,4
DA:11,4
DA:12,4
DA:13,4
DA:15,4
DA:30,4
DA:31,4
DA:36,4
DA:37,5
DA:38,2
DA:41,2
DA:42,2
DA:43,2
DA:54,4
DA:55,2
DA:56,1
DA:67,4
DA:68,3
DA:69,2
DA:83,4
DA:84,5
DA:89,5
DA:90,1
DA:91,1
DA:94,4
DA:95,3
DA:104,4
DA:105,3
DA:106,2
DA:110,4
LF:34
LH:34
BRDA:36,0,0,2
BRDA:36,0,1,2
BRDA:89,1,0,1
BRDA:89,1,1,4
BRF:4
BRH:4
end_of_record
